Flow report for Adder4bit
Tue Apr 19 20:39:07 2022
Quartus II Version 9.1 Build 350 03/24/2010 Service Pack 2 SJ Web Edition


---------------------
; Table of Contents ;
---------------------
  1. Legal Notice
  2. Flow Summary
  3. Flow Settings
  4. Flow Non-Default Global Settings
  5. Flow Elapsed Time
  6. Flow OS Summary
  7. Flow Log



----------------
; Legal Notice ;
----------------
Copyright (C) 1991-2010 Altera Corporation
Your use of Altera Corporation's design tools, logic functions 
and other software and tools, and its AMPP partner logic 
functions, and any output files from any of the foregoing 
(including device programming or simulation files), and any 
associated documentation or information are expressly subject 
to the terms and conditions of the Altera Program License 
Subscription Agreement, Altera MegaCore Function License 
Agreement, or other applicable license agreement, including, 
without limitation, that your use is for the sole purpose of 
programming logic devices manufactured by Altera and sold by 
Altera or its authorized distributors.  Please refer to the 
applicable agreement for further details.



+-----------------------------------------------------------------------------------+
; Flow Summary                                                                      ;
+------------------------------------+----------------------------------------------+
; Flow Status                        ; Successful - Tue Apr 19 20:39:07 2022        ;
; Quartus II Version                 ; 9.1 Build 350 03/24/2010 SP 2 SJ Web Edition ;
; Revision Name                      ; Adder4bit                                    ;
; Top-level Entity Name              ; Adder4bit                                    ;
; Family                             ; Cyclone III                                  ;
; Met timing requirements            ; N/A                                          ;
; Total logic elements               ; 8 / 15,408 ( < 1 % )                         ;
;     Total combinational functions  ; 8 / 15,408 ( < 1 % )                         ;
;     Dedicated logic registers      ; 0 / 15,408 ( 0 % )                           ;
; Total registers                    ; 0                                            ;
; Total pins                         ; 14 / 347 ( 4 % )                             ;
; Total virtual pins                 ; 0                                            ;
; Total memory bits                  ; 0 / 516,096 ( 0 % )                          ;
; Embedded Multiplier 9-bit elements ; 0 / 112 ( 0 % )                              ;
; Total PLLs                         ; 0 / 4 ( 0 % )                                ;
; Device                             ; EP3C16F484C6                                 ;
; Timing Models                      ; Final                                        ;
+------------------------------------+----------------------------------------------+


+-----------------------------------------+
; Flow Settings                           ;
+-------------------+---------------------+
; Option            ; Setting             ;
+-------------------+---------------------+
; Start date & time ; 04/19/2022 20:39:00 ;
; Main task         ; Compilation         ;
; Revision Name     ; Adder4bit           ;
+-------------------+---------------------+


+-----------------------------------------------------------------------------------------------------------------------+
; Flow Non-Default Global Settings                                                                                      ;
+--------------------------------------+---------------------------------+---------------+-------------+----------------+
; Assignment Name                      ; Value                           ; Default Value ; Entity Name ; Section Id     ;
+--------------------------------------+---------------------------------+---------------+-------------+----------------+
; COMPILER_SIGNATURE_ID                ; 211380405384759.165037194009780 ; --            ; --          ; --             ;
; EDA_DESIGN_INSTANCE_NAME             ; Adder4bit                       ; --            ; --          ; FA_test        ;
; EDA_NATIVELINK_SIMULATION_TEST_BENCH ; FA_test                         ; --            ; --          ; eda_simulation ;
; EDA_OUTPUT_DATA_FORMAT               ; Verilog Hdl                     ; --            ; --          ; eda_simulation ;
; EDA_SIMULATION_TOOL                  ; ModelSim-Altera (Verilog)       ; <None>        ; --          ; --             ;
; EDA_TEST_BENCH_ENABLE_STATUS         ; TEST_BENCH_MODE                 ; --            ; --          ; eda_simulation ;
; EDA_TEST_BENCH_FILE                  ; FA_test.v                       ; --            ; --          ; FA_test        ;
; EDA_TEST_BENCH_MODULE_NAME           ; FA_test                         ; --            ; --          ; FA_test        ;
; EDA_TEST_BENCH_NAME                  ; FA_test                         ; --            ; --          ; eda_simulation ;
; EDA_TIME_SCALE                       ; 1 ps                            ; --            ; --          ; eda_simulation ;
; PARTITION_COLOR                      ; 16764057                        ; --            ; --          ; Top            ;
; PARTITION_NETLIST_TYPE               ; SOURCE                          ; --            ; --          ; Top            ;
; USE_GENERATED_PHYSICAL_CONSTRAINTS   ; Off                             ; --            ; --          ; eda_blast_fpga ;
+--------------------------------------+---------------------------------+---------------+-------------+----------------+


+-------------------------------------------------------------------------------------------------------------------------------+
; Flow Elapsed Time                                                                                                             ;
+---------------------------+--------------+-------------------------+---------------------+------------------------------------+
; Module Name               ; Elapsed Time ; Average Processors Used ; Peak Virtual Memory ; Total CPU Time (on all processors) ;
+---------------------------+--------------+-------------------------+---------------------+------------------------------------+
; Analysis & Synthesis      ; 00:00:01     ; 1.0                     ; 227 MB              ; 00:00:01                           ;
; Fitter                    ; 00:00:03     ; 1.0                     ; 300 MB              ; 00:00:03                           ;
; TimeQuest Timing Analyzer ; 00:00:01     ; 1.0                     ; 263 MB              ; 00:00:01                           ;
; Assembler                 ; 00:00:01     ; 1.0                     ; 242 MB              ; 00:00:01                           ;
; EDA Netlist Writer        ; 00:00:00     ; 1.0                     ; 195 MB              ; 00:00:01                           ;
; Total                     ; 00:00:05     ; --                      ; --                  ; 00:00:06                           ;
+---------------------------+--------------+-------------------------+---------------------+------------------------------------+


+--------------------------------------------------------------------------------------------+
; Flow OS Summary                                                                            ;
+---------------------------+------------------+---------------+------------+----------------+
; Module Name               ; Machine Hostname ; OS Name       ; OS Version ; Processor type ;
+---------------------------+------------------+---------------+------------+----------------+
; Analysis & Synthesis      ; PC-004           ; Windows Vista ; 6.2        ; x86_64         ;
; Fitter                    ; PC-004           ; Windows Vista ; 6.2        ; x86_64         ;
; Assembler                 ; PC-004           ; Windows Vista ; 6.2        ; x86_64         ;
; TimeQuest Timing Analyzer ; PC-004           ; Windows Vista ; 6.2        ; x86_64         ;
; EDA Netlist Writer        ; PC-004           ; Windows Vista ; 6.2        ; x86_64         ;
+---------------------------+------------------+---------------+------------+----------------+


------------
; Flow Log ;
------------
quartus_map --read_settings_files=on --write_settings_files=off Adder4bit -c Adder4bit
quartus_fit --read_settings_files=off --write_settings_files=off Adder4bit -c Adder4bit
quartus_asm --read_settings_files=off --write_settings_files=off Adder4bit -c Adder4bit
quartus_sta Adder4bit -c Adder4bit
quartus_eda --read_settings_files=off --write_settings_files=off Adder4bit -c Adder4bit



