Classic Timing Analyzer report for hw5
Tue Mar 29 21:00:04 2022
Quartus II Version 9.1 Build 350 03/24/2010 Service Pack 2 SJ Web Edition


---------------------
; Table of Contents ;
---------------------
  1. Legal Notice
  2. Timing Analyzer Summary
  3. Timing Analyzer Settings
  4. Clock Settings Summary
  5. Parallel Compilation
  6. Clock Setup: 'clk'
  7. tsu
  8. tco
  9. th
 10. Timing Analyzer Messages



----------------
; Legal Notice ;
----------------
Copyright (C) 1991-2010 Altera Corporation
Your use of Altera Corporation's design tools, logic functions 
and other software and tools, and its AMPP partner logic 
functions, and any output files from any of the foregoing 
(including device programming or simulation files), and any 
associated documentation or information are expressly subject 
to the terms and conditions of the Altera Program License 
Subscription Agreement, Altera MegaCore Function License 
Agreement, or other applicable license agreement, including, 
without limitation, that your use is for the sole purpose of 
programming logic devices manufactured by Altera and sold by 
Altera or its authorized distributors.  Please refer to the 
applicable agreement for further details.



+-----------------------------------------------------------------------------------------------------------------------------------------------------------------------------+
; Timing Analyzer Summary                                                                                                                                                     ;
+------------------------------+-------+---------------+------------------------------------------------+-----------------+------------+------------+----------+--------------+
; Type                         ; Slack ; Required Time ; Actual Time                                    ; From            ; To         ; From Clock ; To Clock ; Failed Paths ;
+------------------------------+-------+---------------+------------------------------------------------+-----------------+------------+------------+----------+--------------+
; Worst-case tsu               ; N/A   ; None          ; 3.999 ns                                       ; str_in          ; match~reg0 ; --         ; clk      ; 0            ;
; Worst-case tco               ; N/A   ; None          ; 6.601 ns                                       ; str_out[0]~reg0 ; str_out[0] ; clk        ; --       ; 0            ;
; Worst-case th                ; N/A   ; None          ; -2.582 ns                                      ; rst             ; match~reg0 ; --         ; clk      ; 0            ;
; Clock Setup: 'clk'           ; N/A   ; None          ; Restricted to 500.00 MHz ( period = 2.000 ns ) ; str_out[1]~reg0 ; match~reg0 ; clk        ; clk      ; 0            ;
; Total number of failed paths ;       ;               ;                                                ;                 ;            ;            ;          ; 0            ;
+------------------------------+-------+---------------+------------------------------------------------+-----------------+------------+------------+----------+--------------+


+-----------------------------------------------------------------------------------------------------------------------------------------------------+
; Timing Analyzer Settings                                                                                                                            ;
+------------------------------------------------------------------------------------------------------+--------------------+------+----+-------------+
; Option                                                                                               ; Setting            ; From ; To ; Entity Name ;
+------------------------------------------------------------------------------------------------------+--------------------+------+----+-------------+
; Device Name                                                                                          ; EP2S15F484C3       ;      ;    ;             ;
; Timing Models                                                                                        ; Final              ;      ;    ;             ;
; Default hold multicycle                                                                              ; Same as Multicycle ;      ;    ;             ;
; Cut paths between unrelated clock domains                                                            ; On                 ;      ;    ;             ;
; Cut off read during write signal paths                                                               ; On                 ;      ;    ;             ;
; Cut off feedback from I/O pins                                                                       ; On                 ;      ;    ;             ;
; Report Combined Fast/Slow Timing                                                                     ; Off                ;      ;    ;             ;
; Ignore Clock Settings                                                                                ; Off                ;      ;    ;             ;
; Analyze latches as synchronous elements                                                              ; On                 ;      ;    ;             ;
; Enable Recovery/Removal analysis                                                                     ; Off                ;      ;    ;             ;
; Enable Clock Latency                                                                                 ; Off                ;      ;    ;             ;
; Use TimeQuest Timing Analyzer                                                                        ; Off                ;      ;    ;             ;
; Number of source nodes to report per destination node                                                ; 10                 ;      ;    ;             ;
; Number of destination nodes to report                                                                ; 10                 ;      ;    ;             ;
; Number of paths to report                                                                            ; 200                ;      ;    ;             ;
; Report Minimum Timing Checks                                                                         ; Off                ;      ;    ;             ;
; Use Fast Timing Models                                                                               ; Off                ;      ;    ;             ;
; Report IO Paths Separately                                                                           ; Off                ;      ;    ;             ;
; Perform Multicorner Analysis                                                                         ; On                 ;      ;    ;             ;
; Reports the worst-case path for each clock domain and analysis                                       ; Off                ;      ;    ;             ;
; Reports worst-case timing paths for each clock domain and analysis                                   ; Off                ;      ;    ;             ;
; Specifies the maximum number of worst-case timing paths to report for each clock domain and analysis ; 100                ;      ;    ;             ;
; Removes common clock path pessimism (CCPP) during slack computation                                  ; Off                ;      ;    ;             ;
; Output I/O Timing Endpoint                                                                           ; Near End           ;      ;    ;             ;
+------------------------------------------------------------------------------------------------------+--------------------+------+----+-------------+


+------------------------------------------------------------------------------------------------------------------------------------------------------------------------------------+
; Clock Settings Summary                                                                                                                                                             ;
+-----------------+--------------------+----------+------------------+---------------+--------------+----------+-----------------------+---------------------+--------+--------------+
; Clock Node Name ; Clock Setting Name ; Type     ; Fmax Requirement ; Early Latency ; Late Latency ; Based on ; Multiply Base Fmax by ; Divide Base Fmax by ; Offset ; Phase offset ;
+-----------------+--------------------+----------+------------------+---------------+--------------+----------+-----------------------+---------------------+--------+--------------+
; clk             ;                    ; User Pin ; None             ; 0.000 ns      ; 0.000 ns     ; --       ; N/A                   ; N/A                 ; N/A    ;              ;
+-----------------+--------------------+----------+------------------+---------------+--------------+----------+-----------------------+---------------------+--------+--------------+


Parallel compilation was disabled, but you have multiple processors available. Enable parallel compilation to reduce compilation time.
+-------------------------------------+
; Parallel Compilation                ;
+----------------------------+--------+
; Processors                 ; Number ;
+----------------------------+--------+
; Number detected on machine ; 4      ;
; Maximum allowed            ; 1      ;
+----------------------------+--------+


+--------------------------------------------------------------------------------------------------------------------------------------------------------------------------------------------------------+
; Clock Setup: 'clk'                                                                                                                                                                                     ;
+-------+------------------------------------------------+-----------------+-----------------+------------+----------+-----------------------------+---------------------------+-------------------------+
; Slack ; Actual fmax (period)                           ; From            ; To              ; From Clock ; To Clock ; Required Setup Relationship ; Required Longest P2P Time ; Actual Longest P2P Time ;
+-------+------------------------------------------------+-----------------+-----------------+------------+----------+-----------------------------+---------------------------+-------------------------+
; N/A   ; Restricted to 500.00 MHz ( period = 2.000 ns ) ; str_out[1]~reg0 ; match~reg0      ; clk        ; clk      ; None                        ; None                      ; 0.676 ns                ;
; N/A   ; Restricted to 500.00 MHz ( period = 2.000 ns ) ; str_out[0]~reg0 ; str_out[1]~reg0 ; clk        ; clk      ; None                        ; None                      ; 0.580 ns                ;
; N/A   ; Restricted to 500.00 MHz ( period = 2.000 ns ) ; str_out[0]~reg0 ; match~reg0      ; clk        ; clk      ; None                        ; None                      ; 0.577 ns                ;
; N/A   ; Restricted to 500.00 MHz ( period = 2.000 ns ) ; str_out[1]~reg0 ; str_out[2]~reg0 ; clk        ; clk      ; None                        ; None                      ; 0.513 ns                ;
; N/A   ; Restricted to 500.00 MHz ( period = 2.000 ns ) ; match~reg0      ; match~reg0      ; clk        ; clk      ; None                        ; None                      ; 0.396 ns                ;
+-------+------------------------------------------------+-----------------+-----------------+------------+----------+-----------------------------+---------------------------+-------------------------+


+-------------------------------------------------------------------------+
; tsu                                                                     ;
+-------+--------------+------------+--------+-----------------+----------+
; Slack ; Required tsu ; Actual tsu ; From   ; To              ; To Clock ;
+-------+--------------+------------+--------+-----------------+----------+
; N/A   ; None         ; 3.999 ns   ; str_in ; match~reg0      ; clk      ;
; N/A   ; None         ; 3.371 ns   ; str_in ; str_out[0]~reg0 ; clk      ;
; N/A   ; None         ; 2.821 ns   ; rst    ; match~reg0      ; clk      ;
+-------+--------------+------------+--------+-----------------+----------+


+-------------------------------------------------------------------------------+
; tco                                                                           ;
+-------+--------------+------------+-----------------+------------+------------+
; Slack ; Required tco ; Actual tco ; From            ; To         ; From Clock ;
+-------+--------------+------------+-----------------+------------+------------+
; N/A   ; None         ; 6.601 ns   ; str_out[0]~reg0 ; str_out[0] ; clk        ;
; N/A   ; None         ; 6.051 ns   ; match~reg0      ; match      ; clk        ;
; N/A   ; None         ; 5.730 ns   ; str_out[1]~reg0 ; str_out[1] ; clk        ;
; N/A   ; None         ; 5.639 ns   ; str_out[2]~reg0 ; str_out[2] ; clk        ;
+-------+--------------+------------+-----------------+------------+------------+


+-------------------------------------------------------------------------------+
; th                                                                            ;
+---------------+-------------+-----------+--------+-----------------+----------+
; Minimum Slack ; Required th ; Actual th ; From   ; To              ; To Clock ;
+---------------+-------------+-----------+--------+-----------------+----------+
; N/A           ; None        ; -2.582 ns ; rst    ; match~reg0      ; clk      ;
; N/A           ; None        ; -3.132 ns ; str_in ; str_out[0]~reg0 ; clk      ;
; N/A           ; None        ; -3.760 ns ; str_in ; match~reg0      ; clk      ;
+---------------+-------------+-----------+--------+-----------------+----------+


+--------------------------+
; Timing Analyzer Messages ;
+--------------------------+
Info: *******************************************************************
Info: Running Quartus II Classic Timing Analyzer
    Info: Version 9.1 Build 350 03/24/2010 Service Pack 2 SJ Web Edition
    Info: Processing started: Tue Mar 29 21:00:04 2022
Info: Command: quartus_tan --read_settings_files=off --write_settings_files=off hw5 -c hw5 --timing_analysis_only
Warning: Found pins functioning as undefined clocks and/or memory enables
    Info: Assuming node "clk" is an undefined clock
Info: Clock "clk" Internal fmax is restricted to 500.0 MHz between source register "str_out[1]~reg0" and destination register "match~reg0"
    Info: fmax restricted to clock pin edge rate 2.0 ns. Expand message to see actual delay path.
        Info: + Longest register to register delay is 0.676 ns
            Info: 1: + IC(0.000 ns) + CELL(0.000 ns) = 0.000 ns; Loc. = LCFF_X7_Y16_N23; Fanout = 3; REG Node = 'str_out[1]~reg0'
            Info: 2: + IC(0.249 ns) + CELL(0.272 ns) = 0.521 ns; Loc. = LCCOMB_X7_Y16_N8; Fanout = 1; COMB Node = 'match~0'
            Info: 3: + IC(0.000 ns) + CELL(0.155 ns) = 0.676 ns; Loc. = LCFF_X7_Y16_N9; Fanout = 2; REG Node = 'match~reg0'
            Info: Total cell delay = 0.427 ns ( 63.17 % )
            Info: Total interconnect delay = 0.249 ns ( 36.83 % )
        Info: - Smallest clock skew is 0.000 ns
            Info: + Shortest clock path from clock "clk" to destination register is 2.478 ns
                Info: 1: + IC(0.000 ns) + CELL(0.854 ns) = 0.854 ns; Loc. = PIN_N20; Fanout = 1; CLK Node = 'clk'
                Info: 2: + IC(0.343 ns) + CELL(0.000 ns) = 1.197 ns; Loc. = CLKCTRL_G3; Fanout = 4; COMB Node = 'clk~clkctrl'
                Info: 3: + IC(0.663 ns) + CELL(0.618 ns) = 2.478 ns; Loc. = LCFF_X7_Y16_N9; Fanout = 2; REG Node = 'match~reg0'
                Info: Total cell delay = 1.472 ns ( 59.40 % )
                Info: Total interconnect delay = 1.006 ns ( 40.60 % )
            Info: - Longest clock path from clock "clk" to source register is 2.478 ns
                Info: 1: + IC(0.000 ns) + CELL(0.854 ns) = 0.854 ns; Loc. = PIN_N20; Fanout = 1; CLK Node = 'clk'
                Info: 2: + IC(0.343 ns) + CELL(0.000 ns) = 1.197 ns; Loc. = CLKCTRL_G3; Fanout = 4; COMB Node = 'clk~clkctrl'
                Info: 3: + IC(0.663 ns) + CELL(0.618 ns) = 2.478 ns; Loc. = LCFF_X7_Y16_N23; Fanout = 3; REG Node = 'str_out[1]~reg0'
                Info: Total cell delay = 1.472 ns ( 59.40 % )
                Info: Total interconnect delay = 1.006 ns ( 40.60 % )
        Info: + Micro clock to output delay of source is 0.094 ns
        Info: + Micro setup delay of destination is 0.090 ns
Info: tsu for register "match~reg0" (data pin = "str_in", clock pin = "clk") is 3.999 ns
    Info: + Longest pin to register delay is 6.387 ns
        Info: 1: + IC(0.000 ns) + CELL(0.847 ns) = 0.847 ns; Loc. = PIN_AA16; Fanout = 2; PIN Node = 'str_in'
        Info: 2: + IC(5.113 ns) + CELL(0.272 ns) = 6.232 ns; Loc. = LCCOMB_X7_Y16_N8; Fanout = 1; COMB Node = 'match~0'
        Info: 3: + IC(0.000 ns) + CELL(0.155 ns) = 6.387 ns; Loc. = LCFF_X7_Y16_N9; Fanout = 2; REG Node = 'match~reg0'
        Info: Total cell delay = 1.274 ns ( 19.95 % )
        Info: Total interconnect delay = 5.113 ns ( 80.05 % )
    Info: + Micro setup delay of destination is 0.090 ns
    Info: - Shortest clock path from clock "clk" to destination register is 2.478 ns
        Info: 1: + IC(0.000 ns) + CELL(0.854 ns) = 0.854 ns; Loc. = PIN_N20; Fanout = 1; CLK Node = 'clk'
        Info: 2: + IC(0.343 ns) + CELL(0.000 ns) = 1.197 ns; Loc. = CLKCTRL_G3; Fanout = 4; COMB Node = 'clk~clkctrl'
        Info: 3: + IC(0.663 ns) + CELL(0.618 ns) = 2.478 ns; Loc. = LCFF_X7_Y16_N9; Fanout = 2; REG Node = 'match~reg0'
        Info: Total cell delay = 1.472 ns ( 59.40 % )
        Info: Total interconnect delay = 1.006 ns ( 40.60 % )
Info: tco from clock "clk" to destination pin "str_out[0]" through register "str_out[0]~reg0" is 6.601 ns
    Info: + Longest clock path from clock "clk" to source register is 2.478 ns
        Info: 1: + IC(0.000 ns) + CELL(0.854 ns) = 0.854 ns; Loc. = PIN_N20; Fanout = 1; CLK Node = 'clk'
        Info: 2: + IC(0.343 ns) + CELL(0.000 ns) = 1.197 ns; Loc. = CLKCTRL_G3; Fanout = 4; COMB Node = 'clk~clkctrl'
        Info: 3: + IC(0.663 ns) + CELL(0.618 ns) = 2.478 ns; Loc. = LCFF_X7_Y16_N3; Fanout = 3; REG Node = 'str_out[0]~reg0'
        Info: Total cell delay = 1.472 ns ( 59.40 % )
        Info: Total interconnect delay = 1.006 ns ( 40.60 % )
    Info: + Micro clock to output delay of source is 0.094 ns
    Info: + Longest register to pin delay is 4.029 ns
        Info: 1: + IC(0.000 ns) + CELL(0.000 ns) = 0.000 ns; Loc. = LCFF_X7_Y16_N3; Fanout = 3; REG Node = 'str_out[0]~reg0'
        Info: 2: + IC(1.915 ns) + CELL(2.114 ns) = 4.029 ns; Loc. = PIN_N8; Fanout = 0; PIN Node = 'str_out[0]'
        Info: Total cell delay = 2.114 ns ( 52.47 % )
        Info: Total interconnect delay = 1.915 ns ( 47.53 % )
Info: th for register "match~reg0" (data pin = "rst", clock pin = "clk") is -2.582 ns
    Info: + Longest clock path from clock "clk" to destination register is 2.478 ns
        Info: 1: + IC(0.000 ns) + CELL(0.854 ns) = 0.854 ns; Loc. = PIN_N20; Fanout = 1; CLK Node = 'clk'
        Info: 2: + IC(0.343 ns) + CELL(0.000 ns) = 1.197 ns; Loc. = CLKCTRL_G3; Fanout = 4; COMB Node = 'clk~clkctrl'
        Info: 3: + IC(0.663 ns) + CELL(0.618 ns) = 2.478 ns; Loc. = LCFF_X7_Y16_N9; Fanout = 2; REG Node = 'match~reg0'
        Info: Total cell delay = 1.472 ns ( 59.40 % )
        Info: Total interconnect delay = 1.006 ns ( 40.60 % )
    Info: + Micro hold delay of destination is 0.149 ns
    Info: - Shortest pin to register delay is 5.209 ns
        Info: 1: + IC(0.000 ns) + CELL(0.864 ns) = 0.864 ns; Loc. = PIN_M21; Fanout = 2; PIN Node = 'rst'
        Info: 2: + IC(3.833 ns) + CELL(0.357 ns) = 5.054 ns; Loc. = LCCOMB_X7_Y16_N8; Fanout = 1; COMB Node = 'match~0'
        Info: 3: + IC(0.000 ns) + CELL(0.155 ns) = 5.209 ns; Loc. = LCFF_X7_Y16_N9; Fanout = 2; REG Node = 'match~reg0'
        Info: Total cell delay = 1.376 ns ( 26.42 % )
        Info: Total interconnect delay = 3.833 ns ( 73.58 % )
Info: Quartus II Classic Timing Analyzer was successful. 0 errors, 1 warning
    Info: Peak virtual memory: 194 megabytes
    Info: Processing ended: Tue Mar 29 21:00:04 2022
    Info: Elapsed time: 00:00:00
    Info: Total CPU time (on all processors): 00:00:00


